{
  "stats": {
    "suites": 9,
    "tests": 87,
    "passes": 87,
    "pending": 0,
    "failures": 0,
    "start": "2018-07-12T17:59:55.530Z",
    "end": "2018-07-12T18:00:00.963Z",
    "duration": 5433,
    "testsRegistered": 87,
    "passPercent": 100,
    "pendingPercent": 0,
    "other": 0,
    "hasOther": false,
    "skipped": 0,
    "hasSkipped": false,
    "passPercentClass": "success",
    "pendingPercentClass": "danger"
  },
  "suites": {
    "uuid": "c86bd13d-197c-4e96-a398-e49018dae1fb",
    "title": "",
    "fullFile": "",
    "file": "",
    "beforeHooks": [],
    "afterHooks": [],
    "tests": [],
    "suites": [
      {
        "uuid": "f3cba2e7-a3a9-42b0-b9dd-063d463c9840",
        "title": "ACL Test Cases",
        "fullFile": "C:\\Users\\Pranay Katiyar\\Desktop\\takeda_tryme_blockchain\\tryme\\test\\acl.js",
        "file": "\\test\\acl.js",
        "beforeHooks": [
          {
            "title": "\"before all\" hook",
            "fullTitle": "ACL Test Cases \"before all\" hook",
            "timedOut": false,
            "duration": 983,
            "pass": false,
            "fail": false,
            "pending": false,
            "code": "// Generate certificates for use with the embedded connection\nconst credentials = CertificateUtil.generate({ commonName: 'admin' });\n// Identity used with the admin connection to deploy business networks\nconst deployerMetadata = {\n    version: 1,\n    userName: 'PeerAdmin',\n    roles: [ 'PeerAdmin', 'ChannelAdmin' ]\n};\nconst deployerCard = new IdCard(deployerMetadata, connectionProfile);\ndeployerCard.setCredentials(credentials);\nconst deployerCardName = 'PeerAdmin';\nadminConnection = new AdminConnection({ cardStore: cardStore });\nawait adminConnection.importCard(deployerCardName, deployerCard);\nawait adminConnection.connect(deployerCardName);",
            "err": {},
            "isRoot": false,
            "uuid": "dd243dc8-2196-4682-b2f1-8c923808b0aa",
            "isHook": true,
            "skipped": false
          },
          {
            "title": "\"before all\" hook",
            "fullTitle": "ACL Test Cases \"before all\" hook",
            "timedOut": false,
            "duration": 1394,
            "pass": false,
            "fail": false,
            "pending": false,
            "code": "// Generate a business network definition from the project directory.\nlet businessNetworkDefinition = await BusinessNetworkDefinition.fromDirectory(path.resolve(__dirname, '..'));\n\nlet businessNetworkName = businessNetworkDefinition.getName();\nawait adminConnection.install(businessNetworkDefinition);\nconst startOptions = {\n    networkAdmins: [\n        {\n            userName: 'admin',\n            enrollmentSecret: 'adminpw'\n        }\n    ]\n};\nconst adminCards = await adminConnection.start(businessNetworkName, businessNetworkDefinition.getVersion(), startOptions);\nawait adminConnection.importCard(adminCardName, adminCards.get('admin'));\n// Create and establish a business network connection\nbusinessNetworkConnection = new BusinessNetworkConnection({ cardStore: cardStore });\nlet events = [];\nbusinessNetworkConnection.on('event', event => {\n    events.push(event);\n});\nawait businessNetworkConnection.connect(adminCardName);\n// Get the factory for the business network.\nfactory = await businessNetworkConnection.getBusinessNetwork().getFactory();\nawait init();",
            "err": {},
            "isRoot": false,
            "uuid": "cd7de5af-843c-4434-b52a-dd0d0c58f44e",
            "isHook": true,
            "skipped": false
          }
        ],
        "afterHooks": [],
        "tests": [],
        "suites": [
          {
            "uuid": "ec2a308b-421b-4900-a7ae-b9b716ad41e4",
            "title": "NETWORK ADMIN :: CREATE RULES",
            "fullFile": "C:\\Users\\Pranay Katiyar\\Desktop\\takeda_tryme_blockchain\\tryme\\test\\acl.js",
            "file": "\\test\\acl.js",
            "beforeHooks": [],
            "afterHooks": [],
            "tests": [
              {
                "title": "NETWORK ADMIN :: CREATE RULES > Can Add SUPER ADMIN",
                "fullTitle": "ACL Test Cases NETWORK ADMIN :: CREATE RULES NETWORK ADMIN :: CREATE RULES > Can Add SUPER ADMIN",
                "timedOut": false,
                "duration": 41,
                "state": "passed",
                "speed": "medium",
                "pass": true,
                "fail": false,
                "pending": false,
                "code": "let success = await doTransaction(cas.type,cas.operation,cas.card,cas.resource,cas.data, cas.recursive);\nsuccess.should.be.equals(cas.expect);",
                "err": {},
                "isRoot": false,
                "uuid": "b6ea477d-76da-456d-83e1-f492e8962f47",
                "isHook": false,
                "skipped": false
              },
              {
                "title": "NETWORK ADMIN :: CREATE RULES > Cannot Add same SUPER ADMIN",
                "fullTitle": "ACL Test Cases NETWORK ADMIN :: CREATE RULES NETWORK ADMIN :: CREATE RULES > Cannot Add same SUPER ADMIN",
                "timedOut": false,
                "duration": 37,
                "state": "passed",
                "speed": "fast",
                "pass": true,
                "fail": false,
                "pending": false,
                "code": "let success = await doTransaction(cas.type,cas.operation,cas.card,cas.resource,cas.data, cas.recursive);\nsuccess.should.be.equals(cas.expect);",
                "err": {},
                "isRoot": false,
                "uuid": "99c01f27-8d66-4399-b2f5-e06bb6fc26c7",
                "isHook": false,
                "skipped": false
              },
              {
                "title": "NETWORK ADMIN :: CREATE RULES > Cannot Add ADMIN",
                "fullTitle": "ACL Test Cases NETWORK ADMIN :: CREATE RULES NETWORK ADMIN :: CREATE RULES > Cannot Add ADMIN",
                "timedOut": false,
                "duration": 28,
                "state": "passed",
                "speed": "fast",
                "pass": true,
                "fail": false,
                "pending": false,
                "code": "let success = await doTransaction(cas.type,cas.operation,cas.card,cas.resource,cas.data, cas.recursive);\nsuccess.should.be.equals(cas.expect);",
                "err": {},
                "isRoot": false,
                "uuid": "ed78b85a-72d9-480c-bc8f-694e54dcf254",
                "isHook": false,
                "skipped": false
              },
              {
                "title": "NETWORK ADMIN :: CREATE RULES > Cannot Add CRO",
                "fullTitle": "ACL Test Cases NETWORK ADMIN :: CREATE RULES NETWORK ADMIN :: CREATE RULES > Cannot Add CRO",
                "timedOut": false,
                "duration": 31,
                "state": "passed",
                "speed": "fast",
                "pass": true,
                "fail": false,
                "pending": false,
                "code": "let success = await doTransaction(cas.type,cas.operation,cas.card,cas.resource,cas.data, cas.recursive);\nsuccess.should.be.equals(cas.expect);",
                "err": {},
                "isRoot": false,
                "uuid": "fd73a576-7425-483a-bc19-941a3d5b5fcd",
                "isHook": false,
                "skipped": false
              },
              {
                "title": "NETWORK ADMIN :: CREATE RULES > Cannot Add PI",
                "fullTitle": "ACL Test Cases NETWORK ADMIN :: CREATE RULES NETWORK ADMIN :: CREATE RULES > Cannot Add PI",
                "timedOut": false,
                "duration": 40,
                "state": "passed",
                "speed": "medium",
                "pass": true,
                "fail": false,
                "pending": false,
                "code": "let success = await doTransaction(cas.type,cas.operation,cas.card,cas.resource,cas.data, cas.recursive);\nsuccess.should.be.equals(cas.expect);",
                "err": {},
                "isRoot": false,
                "uuid": "704d5c63-d3a9-4c79-a076-3c0a7aa78432",
                "isHook": false,
                "skipped": false
              },
              {
                "title": "NETWORK ADMIN :: CREATE RULES > Cannot Add SPONSOR",
                "fullTitle": "ACL Test Cases NETWORK ADMIN :: CREATE RULES NETWORK ADMIN :: CREATE RULES > Cannot Add SPONSOR",
                "timedOut": false,
                "duration": 29,
                "state": "passed",
                "speed": "fast",
                "pass": true,
                "fail": false,
                "pending": false,
                "code": "let success = await doTransaction(cas.type,cas.operation,cas.card,cas.resource,cas.data, cas.recursive);\nsuccess.should.be.equals(cas.expect);",
                "err": {},
                "isRoot": false,
                "uuid": "d5da30b5-e09e-4bc7-b1b9-ce836dfa762f",
                "isHook": false,
                "skipped": false
              },
              {
                "title": "NETWORK ADMIN :: CREATE RULES > Cannot Add SITE COORDINATOR",
                "fullTitle": "ACL Test Cases NETWORK ADMIN :: CREATE RULES NETWORK ADMIN :: CREATE RULES > Cannot Add SITE COORDINATOR",
                "timedOut": false,
                "duration": 30,
                "state": "passed",
                "speed": "fast",
                "pass": true,
                "fail": false,
                "pending": false,
                "code": "let success = await doTransaction(cas.type,cas.operation,cas.card,cas.resource,cas.data, cas.recursive);\nsuccess.should.be.equals(cas.expect);",
                "err": {},
                "isRoot": false,
                "uuid": "3efd6286-6027-45cb-b755-90568637ef18",
                "isHook": false,
                "skipped": false
              },
              {
                "title": "NETWORK ADMIN :: CREATE RULES > Cannot Add SUBJECT",
                "fullTitle": "ACL Test Cases NETWORK ADMIN :: CREATE RULES NETWORK ADMIN :: CREATE RULES > Cannot Add SUBJECT",
                "timedOut": false,
                "duration": 38,
                "state": "passed",
                "speed": "medium",
                "pass": true,
                "fail": false,
                "pending": false,
                "code": "let success = await doTransaction(cas.type,cas.operation,cas.card,cas.resource,cas.data, cas.recursive);\nsuccess.should.be.equals(cas.expect);",
                "err": {},
                "isRoot": false,
                "uuid": "379ac3e7-1f3b-418d-a5d5-cbbf0965e07b",
                "isHook": false,
                "skipped": false
              },
              {
                "title": "NETWORK ADMIN :: CREATE RULES > Cannot Add Trial",
                "fullTitle": "ACL Test Cases NETWORK ADMIN :: CREATE RULES NETWORK ADMIN :: CREATE RULES > Cannot Add Trial",
                "timedOut": false,
                "duration": 30,
                "state": "passed",
                "speed": "fast",
                "pass": true,
                "fail": false,
                "pending": false,
                "code": "let success = await doTransaction(cas.type,cas.operation,cas.card,cas.resource,cas.data, cas.recursive);\nsuccess.should.be.equals(cas.expect);",
                "err": {},
                "isRoot": false,
                "uuid": "25ea9773-76e8-4ca4-820d-fe0602df6358",
                "isHook": false,
                "skipped": false
              },
              {
                "title": "NETWORK ADMIN :: CREATE RULES > Cannot Add Site",
                "fullTitle": "ACL Test Cases NETWORK ADMIN :: CREATE RULES NETWORK ADMIN :: CREATE RULES > Cannot Add Site",
                "timedOut": false,
                "duration": 41,
                "state": "passed",
                "speed": "medium",
                "pass": true,
                "fail": false,
                "pending": false,
                "code": "let success = await doTransaction(cas.type,cas.operation,cas.card,cas.resource,cas.data, cas.recursive);\nsuccess.should.be.equals(cas.expect);",
                "err": {},
                "isRoot": false,
                "uuid": "f657dbed-954d-4068-af3d-1000cc5ae9b8",
                "isHook": false,
                "skipped": false
              }
            ],
            "suites": [],
            "passes": [
              "b6ea477d-76da-456d-83e1-f492e8962f47",
              "99c01f27-8d66-4399-b2f5-e06bb6fc26c7",
              "ed78b85a-72d9-480c-bc8f-694e54dcf254",
              "fd73a576-7425-483a-bc19-941a3d5b5fcd",
              "704d5c63-d3a9-4c79-a076-3c0a7aa78432",
              "d5da30b5-e09e-4bc7-b1b9-ce836dfa762f",
              "3efd6286-6027-45cb-b755-90568637ef18",
              "379ac3e7-1f3b-418d-a5d5-cbbf0965e07b",
              "25ea9773-76e8-4ca4-820d-fe0602df6358",
              "f657dbed-954d-4068-af3d-1000cc5ae9b8"
            ],
            "failures": [],
            "pending": [],
            "skipped": [],
            "duration": 345,
            "root": false,
            "rootEmpty": false,
            "_timeout": 2000
          },
          {
            "uuid": "1d502aa2-4a2c-4462-acff-dc48bca37eba",
            "title": "SUPER ADMIN :: CREATE RULES",
            "fullFile": "C:\\Users\\Pranay Katiyar\\Desktop\\takeda_tryme_blockchain\\tryme\\test\\acl.js",
            "file": "\\test\\acl.js",
            "beforeHooks": [],
            "afterHooks": [],
            "tests": [
              {
                "title": "SUPER ADMIN :: CREATE RULES > Can Add ADMIN",
                "fullTitle": "ACL Test Cases SUPER ADMIN :: CREATE RULES SUPER ADMIN :: CREATE RULES > Can Add ADMIN",
                "timedOut": false,
                "duration": 42,
                "state": "passed",
                "speed": "medium",
                "pass": true,
                "fail": false,
                "pending": false,
                "code": "let success = await doTransaction(cas.type,cas.operation,cas.card,cas.resource,cas.data, cas.recursive);\nsuccess.should.be.equals(cas.expect);",
                "err": {},
                "isRoot": false,
                "uuid": "90d9ac1a-ec4d-40b7-9458-cacb0b11f55f",
                "isHook": false,
                "skipped": false
              },
              {
                "title": "SUPER ADMIN :: CREATE RULES > Cannot Add same ADMIN",
                "fullTitle": "ACL Test Cases SUPER ADMIN :: CREATE RULES SUPER ADMIN :: CREATE RULES > Cannot Add same ADMIN",
                "timedOut": false,
                "duration": 23,
                "state": "passed",
                "speed": "fast",
                "pass": true,
                "fail": false,
                "pending": false,
                "code": "let success = await doTransaction(cas.type,cas.operation,cas.card,cas.resource,cas.data, cas.recursive);\nsuccess.should.be.equals(cas.expect);",
                "err": {},
                "isRoot": false,
                "uuid": "c16596ac-e4f3-4b76-88e4-82ad80296809",
                "isHook": false,
                "skipped": false
              },
              {
                "title": "SUPER ADMIN :: CREATE RULES > Can Add SPONSOR",
                "fullTitle": "ACL Test Cases SUPER ADMIN :: CREATE RULES SUPER ADMIN :: CREATE RULES > Can Add SPONSOR",
                "timedOut": false,
                "duration": 29,
                "state": "passed",
                "speed": "fast",
                "pass": true,
                "fail": false,
                "pending": false,
                "code": "let success = await doTransaction(cas.type,cas.operation,cas.card,cas.resource,cas.data, cas.recursive);\nsuccess.should.be.equals(cas.expect);",
                "err": {},
                "isRoot": false,
                "uuid": "11a762db-26e1-4541-8ede-9a41c64e94db",
                "isHook": false,
                "skipped": false
              },
              {
                "title": "SUPER ADMIN :: CREATE RULES > Cannot Add same SPONSOR",
                "fullTitle": "ACL Test Cases SUPER ADMIN :: CREATE RULES SUPER ADMIN :: CREATE RULES > Cannot Add same SPONSOR",
                "timedOut": false,
                "duration": 33,
                "state": "passed",
                "speed": "fast",
                "pass": true,
                "fail": false,
                "pending": false,
                "code": "let success = await doTransaction(cas.type,cas.operation,cas.card,cas.resource,cas.data, cas.recursive);\nsuccess.should.be.equals(cas.expect);",
                "err": {},
                "isRoot": false,
                "uuid": "e9b3c6d4-5fdb-49fb-91dd-001f4fc430d9",
                "isHook": false,
                "skipped": false
              },
              {
                "title": "SUPER ADMIN :: CREATE RULES > Cannot Add CRO",
                "fullTitle": "ACL Test Cases SUPER ADMIN :: CREATE RULES SUPER ADMIN :: CREATE RULES > Cannot Add CRO",
                "timedOut": false,
                "duration": 28,
                "state": "passed",
                "speed": "fast",
                "pass": true,
                "fail": false,
                "pending": false,
                "code": "let success = await doTransaction(cas.type,cas.operation,cas.card,cas.resource,cas.data, cas.recursive);\nsuccess.should.be.equals(cas.expect);",
                "err": {},
                "isRoot": false,
                "uuid": "3698ac89-520f-4d33-8bfb-5d0201e4c1e2",
                "isHook": false,
                "skipped": false
              },
              {
                "title": "SUPER ADMIN :: CREATE RULES > Cannot Add PI",
                "fullTitle": "ACL Test Cases SUPER ADMIN :: CREATE RULES SUPER ADMIN :: CREATE RULES > Cannot Add PI",
                "timedOut": false,
                "duration": 70,
                "state": "passed",
                "speed": "medium",
                "pass": true,
                "fail": false,
                "pending": false,
                "code": "let success = await doTransaction(cas.type,cas.operation,cas.card,cas.resource,cas.data, cas.recursive);\nsuccess.should.be.equals(cas.expect);",
                "err": {},
                "isRoot": false,
                "uuid": "e2b02253-a62e-4395-afb2-1374f779f292",
                "isHook": false,
                "skipped": false
              },
              {
                "title": "SUPER ADMIN :: CREATE RULES > Cannot Add SITE_COORDINATOR",
                "fullTitle": "ACL Test Cases SUPER ADMIN :: CREATE RULES SUPER ADMIN :: CREATE RULES > Cannot Add SITE_COORDINATOR",
                "timedOut": false,
                "duration": 57,
                "state": "passed",
                "speed": "medium",
                "pass": true,
                "fail": false,
                "pending": false,
                "code": "let success = await doTransaction(cas.type,cas.operation,cas.card,cas.resource,cas.data, cas.recursive);\nsuccess.should.be.equals(cas.expect);",
                "err": {},
                "isRoot": false,
                "uuid": "7fc7e98c-fb09-4a9b-b1b9-c43c6f425663",
                "isHook": false,
                "skipped": false
              },
              {
                "title": "SUPER ADMIN :: CREATE RULES > Cannot Add Trial",
                "fullTitle": "ACL Test Cases SUPER ADMIN :: CREATE RULES SUPER ADMIN :: CREATE RULES > Cannot Add Trial",
                "timedOut": false,
                "duration": 47,
                "state": "passed",
                "speed": "medium",
                "pass": true,
                "fail": false,
                "pending": false,
                "code": "let success = await doTransaction(cas.type,cas.operation,cas.card,cas.resource,cas.data, cas.recursive);\nsuccess.should.be.equals(cas.expect);",
                "err": {},
                "isRoot": false,
                "uuid": "938ca42c-6b3f-4550-aacf-1b433c5f8838",
                "isHook": false,
                "skipped": false
              },
              {
                "title": "SUPER ADMIN :: CREATE RULES > Cannot Add Site",
                "fullTitle": "ACL Test Cases SUPER ADMIN :: CREATE RULES SUPER ADMIN :: CREATE RULES > Cannot Add Site",
                "timedOut": false,
                "duration": 34,
                "state": "passed",
                "speed": "fast",
                "pass": true,
                "fail": false,
                "pending": false,
                "code": "let success = await doTransaction(cas.type,cas.operation,cas.card,cas.resource,cas.data, cas.recursive);\nsuccess.should.be.equals(cas.expect);",
                "err": {},
                "isRoot": false,
                "uuid": "a3560bbf-3142-4494-813f-1b08fb9cfb98",
                "isHook": false,
                "skipped": false
              },
              {
                "title": "SUPER ADMIN :: CREATE RULES > Cannot Add Document",
                "fullTitle": "ACL Test Cases SUPER ADMIN :: CREATE RULES SUPER ADMIN :: CREATE RULES > Cannot Add Document",
                "timedOut": false,
                "duration": 45,
                "state": "passed",
                "speed": "medium",
                "pass": true,
                "fail": false,
                "pending": false,
                "code": "let success = await doTransaction(cas.type,cas.operation,cas.card,cas.resource,cas.data, cas.recursive);\nsuccess.should.be.equals(cas.expect);",
                "err": {},
                "isRoot": false,
                "uuid": "186d64b3-b500-420e-bb61-866c3657293a",
                "isHook": false,
                "skipped": false
              }
            ],
            "suites": [],
            "passes": [
              "90d9ac1a-ec4d-40b7-9458-cacb0b11f55f",
              "c16596ac-e4f3-4b76-88e4-82ad80296809",
              "11a762db-26e1-4541-8ede-9a41c64e94db",
              "e9b3c6d4-5fdb-49fb-91dd-001f4fc430d9",
              "3698ac89-520f-4d33-8bfb-5d0201e4c1e2",
              "e2b02253-a62e-4395-afb2-1374f779f292",
              "7fc7e98c-fb09-4a9b-b1b9-c43c6f425663",
              "938ca42c-6b3f-4550-aacf-1b433c5f8838",
              "a3560bbf-3142-4494-813f-1b08fb9cfb98",
              "186d64b3-b500-420e-bb61-866c3657293a"
            ],
            "failures": [],
            "pending": [],
            "skipped": [],
            "duration": 408,
            "root": false,
            "rootEmpty": false,
            "_timeout": 2000
          },
          {
            "uuid": "759b57a3-31ae-4696-9aa8-73239b5eefee",
            "title": "TRIAL ADMIN :: CREATE RULES",
            "fullFile": "C:\\Users\\Pranay Katiyar\\Desktop\\takeda_tryme_blockchain\\tryme\\test\\acl.js",
            "file": "\\test\\acl.js",
            "beforeHooks": [],
            "afterHooks": [],
            "tests": [
              {
                "title": "TRIAL ADMIN :: CREATE RULES > Can Add CRO",
                "fullTitle": "ACL Test Cases TRIAL ADMIN :: CREATE RULES TRIAL ADMIN :: CREATE RULES > Can Add CRO",
                "timedOut": false,
                "duration": 39,
                "state": "passed",
                "speed": "medium",
                "pass": true,
                "fail": false,
                "pending": false,
                "code": "let success = await doTransaction(cas.type,cas.operation,cas.card,cas.resource,cas.data, cas.recursive);\nsuccess.should.be.equals(cas.expect);",
                "err": {},
                "isRoot": false,
                "uuid": "cd2c5b37-7442-4ee8-ba26-69b6539d72b1",
                "isHook": false,
                "skipped": false
              },
              {
                "title": "TRIAL ADMIN :: CREATE RULES > Cannot Add same CRO",
                "fullTitle": "ACL Test Cases TRIAL ADMIN :: CREATE RULES TRIAL ADMIN :: CREATE RULES > Cannot Add same CRO",
                "timedOut": false,
                "duration": 36,
                "state": "passed",
                "speed": "fast",
                "pass": true,
                "fail": false,
                "pending": false,
                "code": "let success = await doTransaction(cas.type,cas.operation,cas.card,cas.resource,cas.data, cas.recursive);\nsuccess.should.be.equals(cas.expect);",
                "err": {},
                "isRoot": false,
                "uuid": "2302e34b-2306-4b3d-8a66-6433ecf6e2e6",
                "isHook": false,
                "skipped": false
              },
              {
                "title": "TRIAL ADMIN :: CREATE RULES > Can Add PI",
                "fullTitle": "ACL Test Cases TRIAL ADMIN :: CREATE RULES TRIAL ADMIN :: CREATE RULES > Can Add PI",
                "timedOut": false,
                "duration": 32,
                "state": "passed",
                "speed": "fast",
                "pass": true,
                "fail": false,
                "pending": false,
                "code": "let success = await doTransaction(cas.type,cas.operation,cas.card,cas.resource,cas.data, cas.recursive);\nsuccess.should.be.equals(cas.expect);",
                "err": {},
                "isRoot": false,
                "uuid": "38d10aa3-d835-485d-a58a-6a7bc8445f2e",
                "isHook": false,
                "skipped": false
              },
              {
                "title": "TRIAL ADMIN :: CREATE RULES > Cannot Add same PI",
                "fullTitle": "ACL Test Cases TRIAL ADMIN :: CREATE RULES TRIAL ADMIN :: CREATE RULES > Cannot Add same PI",
                "timedOut": false,
                "duration": 31,
                "state": "passed",
                "speed": "fast",
                "pass": true,
                "fail": false,
                "pending": false,
                "code": "let success = await doTransaction(cas.type,cas.operation,cas.card,cas.resource,cas.data, cas.recursive);\nsuccess.should.be.equals(cas.expect);",
                "err": {},
                "isRoot": false,
                "uuid": "c3c63942-7266-4297-83a6-e25e42a394bd",
                "isHook": false,
                "skipped": false
              },
              {
                "title": "TRIAL ADMIN :: CREATE RULES > Cannot Add SUPER ADMIN",
                "fullTitle": "ACL Test Cases TRIAL ADMIN :: CREATE RULES TRIAL ADMIN :: CREATE RULES > Cannot Add SUPER ADMIN",
                "timedOut": false,
                "duration": 28,
                "state": "passed",
                "speed": "fast",
                "pass": true,
                "fail": false,
                "pending": false,
                "code": "let success = await doTransaction(cas.type,cas.operation,cas.card,cas.resource,cas.data, cas.recursive);\nsuccess.should.be.equals(cas.expect);",
                "err": {},
                "isRoot": false,
                "uuid": "1184eed3-32eb-450a-927e-dc28e284a875",
                "isHook": false,
                "skipped": false
              },
              {
                "title": "TRIAL ADMIN :: CREATE RULES > Can Add SPONSOR",
                "fullTitle": "ACL Test Cases TRIAL ADMIN :: CREATE RULES TRIAL ADMIN :: CREATE RULES > Can Add SPONSOR",
                "timedOut": false,
                "duration": 38,
                "state": "passed",
                "speed": "medium",
                "pass": true,
                "fail": false,
                "pending": false,
                "code": "let success = await doTransaction(cas.type,cas.operation,cas.card,cas.resource,cas.data, cas.recursive);\nsuccess.should.be.equals(cas.expect);",
                "err": {},
                "isRoot": false,
                "uuid": "e77f99f3-a172-4470-8ddb-fb2283e31649",
                "isHook": false,
                "skipped": false
              },
              {
                "title": "TRIAL ADMIN :: CREATE RULES > Cannot Add same SPONSOR",
                "fullTitle": "ACL Test Cases TRIAL ADMIN :: CREATE RULES TRIAL ADMIN :: CREATE RULES > Cannot Add same SPONSOR",
                "timedOut": false,
                "duration": 27,
                "state": "passed",
                "speed": "fast",
                "pass": true,
                "fail": false,
                "pending": false,
                "code": "let success = await doTransaction(cas.type,cas.operation,cas.card,cas.resource,cas.data, cas.recursive);\nsuccess.should.be.equals(cas.expect);",
                "err": {},
                "isRoot": false,
                "uuid": "0a23e62f-a830-439e-9593-dcc8b38743fc",
                "isHook": false,
                "skipped": false
              },
              {
                "title": "TRIAL ADMIN :: CREATE RULES > Can Add SUBJECT",
                "fullTitle": "ACL Test Cases TRIAL ADMIN :: CREATE RULES TRIAL ADMIN :: CREATE RULES > Can Add SUBJECT",
                "timedOut": false,
                "duration": 37,
                "state": "passed",
                "speed": "fast",
                "pass": true,
                "fail": false,
                "pending": false,
                "code": "let success = await doTransaction(cas.type,cas.operation,cas.card,cas.resource,cas.data, cas.recursive);\nsuccess.should.be.equals(cas.expect);",
                "err": {},
                "isRoot": false,
                "uuid": "bec0661e-b00e-450c-886d-e1d69d6cfff1",
                "isHook": false,
                "skipped": false
              },
              {
                "title": "TRIAL ADMIN :: CREATE RULES > Cannot Add same SUBJECT",
                "fullTitle": "ACL Test Cases TRIAL ADMIN :: CREATE RULES TRIAL ADMIN :: CREATE RULES > Cannot Add same SUBJECT",
                "timedOut": false,
                "duration": 31,
                "state": "passed",
                "speed": "fast",
                "pass": true,
                "fail": false,
                "pending": false,
                "code": "let success = await doTransaction(cas.type,cas.operation,cas.card,cas.resource,cas.data, cas.recursive);\nsuccess.should.be.equals(cas.expect);",
                "err": {},
                "isRoot": false,
                "uuid": "66b389f2-d8bd-472b-aa9a-bc5ce943c053",
                "isHook": false,
                "skipped": false
              },
              {
                "title": "TRIAL ADMIN :: CREATE RULES > Cannot Add SubjectAsset",
                "fullTitle": "ACL Test Cases TRIAL ADMIN :: CREATE RULES TRIAL ADMIN :: CREATE RULES > Cannot Add SubjectAsset",
                "timedOut": false,
                "duration": 34,
                "state": "passed",
                "speed": "fast",
                "pass": true,
                "fail": false,
                "pending": false,
                "code": "let success = await doTransaction(cas.type,cas.operation,cas.card,cas.resource,cas.data, cas.recursive);\nsuccess.should.be.equals(cas.expect);",
                "err": {},
                "isRoot": false,
                "uuid": "626484b8-b660-452e-a845-e5af41754419",
                "isHook": false,
                "skipped": false
              },
              {
                "title": "TRIAL ADMIN :: CREATE RULES > Can Add Trial",
                "fullTitle": "ACL Test Cases TRIAL ADMIN :: CREATE RULES TRIAL ADMIN :: CREATE RULES > Can Add Trial",
                "timedOut": false,
                "duration": 38,
                "state": "passed",
                "speed": "medium",
                "pass": true,
                "fail": false,
                "pending": false,
                "code": "let success = await doTransaction(cas.type,cas.operation,cas.card,cas.resource,cas.data, cas.recursive);\nsuccess.should.be.equals(cas.expect);",
                "err": {},
                "isRoot": false,
                "uuid": "975a4d57-fda3-48a5-8adb-1156129ae462",
                "isHook": false,
                "skipped": false
              },
              {
                "title": "TRIAL ADMIN :: CREATE RULES > Cannot Add same Trial",
                "fullTitle": "ACL Test Cases TRIAL ADMIN :: CREATE RULES TRIAL ADMIN :: CREATE RULES > Cannot Add same Trial",
                "timedOut": false,
                "duration": 32,
                "state": "passed",
                "speed": "fast",
                "pass": true,
                "fail": false,
                "pending": false,
                "code": "let success = await doTransaction(cas.type,cas.operation,cas.card,cas.resource,cas.data, cas.recursive);\nsuccess.should.be.equals(cas.expect);",
                "err": {},
                "isRoot": false,
                "uuid": "d732aa2b-09d1-4d45-b31e-d7750e9fde3c",
                "isHook": false,
                "skipped": false
              },
              {
                "title": "TRIAL ADMIN :: CREATE RULES > Can Add Site",
                "fullTitle": "ACL Test Cases TRIAL ADMIN :: CREATE RULES TRIAL ADMIN :: CREATE RULES > Can Add Site",
                "timedOut": false,
                "duration": 32,
                "state": "passed",
                "speed": "fast",
                "pass": true,
                "fail": false,
                "pending": false,
                "code": "let success = await doTransaction(cas.type,cas.operation,cas.card,cas.resource,cas.data, cas.recursive);\nsuccess.should.be.equals(cas.expect);",
                "err": {},
                "isRoot": false,
                "uuid": "1e507ebe-c696-4e37-ac7d-d754090cb3d9",
                "isHook": false,
                "skipped": false
              },
              {
                "title": "TRIAL ADMIN :: CREATE RULES > Cannot Add same Site",
                "fullTitle": "ACL Test Cases TRIAL ADMIN :: CREATE RULES TRIAL ADMIN :: CREATE RULES > Cannot Add same Site",
                "timedOut": false,
                "duration": 38,
                "state": "passed",
                "speed": "medium",
                "pass": true,
                "fail": false,
                "pending": false,
                "code": "let success = await doTransaction(cas.type,cas.operation,cas.card,cas.resource,cas.data, cas.recursive);\nsuccess.should.be.equals(cas.expect);",
                "err": {},
                "isRoot": false,
                "uuid": "e4ec1b59-f9d1-4717-9bbd-817e673e04d4",
                "isHook": false,
                "skipped": false
              },
              {
                "title": "TRIAL ADMIN :: CREATE RULES > Cannot Add Document",
                "fullTitle": "ACL Test Cases TRIAL ADMIN :: CREATE RULES TRIAL ADMIN :: CREATE RULES > Cannot Add Document",
                "timedOut": false,
                "duration": 28,
                "state": "passed",
                "speed": "fast",
                "pass": true,
                "fail": false,
                "pending": false,
                "code": "let success = await doTransaction(cas.type,cas.operation,cas.card,cas.resource,cas.data, cas.recursive);\nsuccess.should.be.equals(cas.expect);",
                "err": {},
                "isRoot": false,
                "uuid": "26a58d93-5ab3-49df-8117-3d2e240dec4d",
                "isHook": false,
                "skipped": false
              }
            ],
            "suites": [],
            "passes": [
              "cd2c5b37-7442-4ee8-ba26-69b6539d72b1",
              "2302e34b-2306-4b3d-8a66-6433ecf6e2e6",
              "38d10aa3-d835-485d-a58a-6a7bc8445f2e",
              "c3c63942-7266-4297-83a6-e25e42a394bd",
              "1184eed3-32eb-450a-927e-dc28e284a875",
              "e77f99f3-a172-4470-8ddb-fb2283e31649",
              "0a23e62f-a830-439e-9593-dcc8b38743fc",
              "bec0661e-b00e-450c-886d-e1d69d6cfff1",
              "66b389f2-d8bd-472b-aa9a-bc5ce943c053",
              "626484b8-b660-452e-a845-e5af41754419",
              "975a4d57-fda3-48a5-8adb-1156129ae462",
              "d732aa2b-09d1-4d45-b31e-d7750e9fde3c",
              "1e507ebe-c696-4e37-ac7d-d754090cb3d9",
              "e4ec1b59-f9d1-4717-9bbd-817e673e04d4",
              "26a58d93-5ab3-49df-8117-3d2e240dec4d"
            ],
            "failures": [],
            "pending": [],
            "skipped": [],
            "duration": 501,
            "root": false,
            "rootEmpty": false,
            "_timeout": 2000
          },
          {
            "uuid": "6d25d7d8-d582-4e40-8624-f5c0e492fc2f",
            "title": "CRO :: CREATE RULES",
            "fullFile": "C:\\Users\\Pranay Katiyar\\Desktop\\takeda_tryme_blockchain\\tryme\\test\\acl.js",
            "file": "\\test\\acl.js",
            "beforeHooks": [],
            "afterHooks": [],
            "tests": [
              {
                "title": "CRO :: CREATE RULES > Cannot Add SUPER ADMIN",
                "fullTitle": "ACL Test Cases CRO :: CREATE RULES CRO :: CREATE RULES > Cannot Add SUPER ADMIN",
                "timedOut": false,
                "duration": 34,
                "state": "passed",
                "speed": "fast",
                "pass": true,
                "fail": false,
                "pending": false,
                "code": "let success = await doTransaction(cas.type,cas.operation,cas.card,cas.resource,cas.data, cas.recursive);\nsuccess.should.be.equals(cas.expect);",
                "err": {},
                "isRoot": false,
                "uuid": "cece633d-96aa-444e-bbb5-39720793ee2a",
                "isHook": false,
                "skipped": false
              },
              {
                "title": "CRO :: CREATE RULES > Cannot Add ADMIN",
                "fullTitle": "ACL Test Cases CRO :: CREATE RULES CRO :: CREATE RULES > Cannot Add ADMIN",
                "timedOut": false,
                "duration": 30,
                "state": "passed",
                "speed": "fast",
                "pass": true,
                "fail": false,
                "pending": false,
                "code": "let success = await doTransaction(cas.type,cas.operation,cas.card,cas.resource,cas.data, cas.recursive);\nsuccess.should.be.equals(cas.expect);",
                "err": {},
                "isRoot": false,
                "uuid": "e502887a-5d4d-4d60-a421-b217253a8ebc",
                "isHook": false,
                "skipped": false
              },
              {
                "title": "CRO :: CREATE RULES > Cannot Add CRO",
                "fullTitle": "ACL Test Cases CRO :: CREATE RULES CRO :: CREATE RULES > Cannot Add CRO",
                "timedOut": false,
                "duration": 44,
                "state": "passed",
                "speed": "medium",
                "pass": true,
                "fail": false,
                "pending": false,
                "code": "let success = await doTransaction(cas.type,cas.operation,cas.card,cas.resource,cas.data, cas.recursive);\nsuccess.should.be.equals(cas.expect);",
                "err": {},
                "isRoot": false,
                "uuid": "0eb3e8ed-c38f-4807-aa45-f118f6dc9747",
                "isHook": false,
                "skipped": false
              },
              {
                "title": "CRO :: CREATE RULES > Cannot Add PI",
                "fullTitle": "ACL Test Cases CRO :: CREATE RULES CRO :: CREATE RULES > Cannot Add PI",
                "timedOut": false,
                "duration": 28,
                "state": "passed",
                "speed": "fast",
                "pass": true,
                "fail": false,
                "pending": false,
                "code": "let success = await doTransaction(cas.type,cas.operation,cas.card,cas.resource,cas.data, cas.recursive);\nsuccess.should.be.equals(cas.expect);",
                "err": {},
                "isRoot": false,
                "uuid": "9f23ad13-3993-457c-84fd-6ad1acdeeca3",
                "isHook": false,
                "skipped": false
              },
              {
                "title": "CRO :: CREATE RULES > Cannot Add SPONSOR",
                "fullTitle": "ACL Test Cases CRO :: CREATE RULES CRO :: CREATE RULES > Cannot Add SPONSOR",
                "timedOut": false,
                "duration": 24,
                "state": "passed",
                "speed": "fast",
                "pass": true,
                "fail": false,
                "pending": false,
                "code": "let success = await doTransaction(cas.type,cas.operation,cas.card,cas.resource,cas.data, cas.recursive);\nsuccess.should.be.equals(cas.expect);",
                "err": {},
                "isRoot": false,
                "uuid": "ffaa79cc-f73c-466c-aea4-f6c89b4e4718",
                "isHook": false,
                "skipped": false
              },
              {
                "title": "CRO :: CREATE RULES > Cannot Add SITE COORDINATOR",
                "fullTitle": "ACL Test Cases CRO :: CREATE RULES CRO :: CREATE RULES > Cannot Add SITE COORDINATOR",
                "timedOut": false,
                "duration": 25,
                "state": "passed",
                "speed": "fast",
                "pass": true,
                "fail": false,
                "pending": false,
                "code": "let success = await doTransaction(cas.type,cas.operation,cas.card,cas.resource,cas.data, cas.recursive);\nsuccess.should.be.equals(cas.expect);",
                "err": {},
                "isRoot": false,
                "uuid": "f47a59f2-16e4-46cd-8710-77b5fb6514e4",
                "isHook": false,
                "skipped": false
              },
              {
                "title": "CRO :: CREATE RULES > Cannot Add SUBJECT",
                "fullTitle": "ACL Test Cases CRO :: CREATE RULES CRO :: CREATE RULES > Cannot Add SUBJECT",
                "timedOut": false,
                "duration": 33,
                "state": "passed",
                "speed": "fast",
                "pass": true,
                "fail": false,
                "pending": false,
                "code": "let success = await doTransaction(cas.type,cas.operation,cas.card,cas.resource,cas.data, cas.recursive);\nsuccess.should.be.equals(cas.expect);",
                "err": {},
                "isRoot": false,
                "uuid": "0ac597c6-282d-48f7-b2f4-7b656f5fa831",
                "isHook": false,
                "skipped": false
              },
              {
                "title": "CRO :: CREATE RULES > Cannot Add Trial",
                "fullTitle": "ACL Test Cases CRO :: CREATE RULES CRO :: CREATE RULES > Cannot Add Trial",
                "timedOut": false,
                "duration": 28,
                "state": "passed",
                "speed": "fast",
                "pass": true,
                "fail": false,
                "pending": false,
                "code": "let success = await doTransaction(cas.type,cas.operation,cas.card,cas.resource,cas.data, cas.recursive);\nsuccess.should.be.equals(cas.expect);",
                "err": {},
                "isRoot": false,
                "uuid": "db8d16ce-fbcc-40b2-917d-e0dcbf18c8bf",
                "isHook": false,
                "skipped": false
              },
              {
                "title": "CRO :: CREATE RULES > Cannot Add Site",
                "fullTitle": "ACL Test Cases CRO :: CREATE RULES CRO :: CREATE RULES > Cannot Add Site",
                "timedOut": false,
                "duration": 29,
                "state": "passed",
                "speed": "fast",
                "pass": true,
                "fail": false,
                "pending": false,
                "code": "let success = await doTransaction(cas.type,cas.operation,cas.card,cas.resource,cas.data, cas.recursive);\nsuccess.should.be.equals(cas.expect);",
                "err": {},
                "isRoot": false,
                "uuid": "8e7909a5-6c6f-4ad6-a0e4-8aafedd19672",
                "isHook": false,
                "skipped": false
              },
              {
                "title": "CRO :: CREATE RULES > Can Add Document",
                "fullTitle": "ACL Test Cases CRO :: CREATE RULES CRO :: CREATE RULES > Can Add Document",
                "timedOut": false,
                "duration": 26,
                "state": "passed",
                "speed": "fast",
                "pass": true,
                "fail": false,
                "pending": false,
                "code": "let success = await doTransaction(cas.type,cas.operation,cas.card,cas.resource,cas.data, cas.recursive);\nsuccess.should.be.equals(cas.expect);",
                "err": {},
                "isRoot": false,
                "uuid": "18ad2e2d-c244-42af-9306-f6c1d14d5399",
                "isHook": false,
                "skipped": false
              },
              {
                "title": "CRO :: CREATE RULES > Cannot Add same Document",
                "fullTitle": "ACL Test Cases CRO :: CREATE RULES CRO :: CREATE RULES > Cannot Add same Document",
                "timedOut": false,
                "duration": 35,
                "state": "passed",
                "speed": "fast",
                "pass": true,
                "fail": false,
                "pending": false,
                "code": "let success = await doTransaction(cas.type,cas.operation,cas.card,cas.resource,cas.data, cas.recursive);\nsuccess.should.be.equals(cas.expect);",
                "err": {},
                "isRoot": false,
                "uuid": "b9e30bc2-01c7-49cc-ba89-52e823733335",
                "isHook": false,
                "skipped": false
              }
            ],
            "suites": [],
            "passes": [
              "cece633d-96aa-444e-bbb5-39720793ee2a",
              "e502887a-5d4d-4d60-a421-b217253a8ebc",
              "0eb3e8ed-c38f-4807-aa45-f118f6dc9747",
              "9f23ad13-3993-457c-84fd-6ad1acdeeca3",
              "ffaa79cc-f73c-466c-aea4-f6c89b4e4718",
              "f47a59f2-16e4-46cd-8710-77b5fb6514e4",
              "0ac597c6-282d-48f7-b2f4-7b656f5fa831",
              "db8d16ce-fbcc-40b2-917d-e0dcbf18c8bf",
              "8e7909a5-6c6f-4ad6-a0e4-8aafedd19672",
              "18ad2e2d-c244-42af-9306-f6c1d14d5399",
              "b9e30bc2-01c7-49cc-ba89-52e823733335"
            ],
            "failures": [],
            "pending": [],
            "skipped": [],
            "duration": 336,
            "root": false,
            "rootEmpty": false,
            "_timeout": 2000
          },
          {
            "uuid": "3e4c96d6-e9d9-4616-9bf9-28e03c827f8a",
            "title": "SPONSOR :: CREATE RULES",
            "fullFile": "C:\\Users\\Pranay Katiyar\\Desktop\\takeda_tryme_blockchain\\tryme\\test\\acl.js",
            "file": "\\test\\acl.js",
            "beforeHooks": [],
            "afterHooks": [],
            "tests": [
              {
                "title": "SPONSOR :: CREATE RULES > Cannot Add SUPER ADMIN",
                "fullTitle": "ACL Test Cases SPONSOR :: CREATE RULES SPONSOR :: CREATE RULES > Cannot Add SUPER ADMIN",
                "timedOut": false,
                "duration": 31,
                "state": "passed",
                "speed": "fast",
                "pass": true,
                "fail": false,
                "pending": false,
                "code": "let success = await doTransaction(cas.type,cas.operation,cas.card,cas.resource,cas.data, cas.recursive);\nsuccess.should.be.equals(cas.expect);",
                "err": {},
                "isRoot": false,
                "uuid": "65d6c9f4-4f99-44c8-a185-efb5acac407d",
                "isHook": false,
                "skipped": false
              },
              {
                "title": "SPONSOR :: CREATE RULES > Cannot Add ADMIN",
                "fullTitle": "ACL Test Cases SPONSOR :: CREATE RULES SPONSOR :: CREATE RULES > Cannot Add ADMIN",
                "timedOut": false,
                "duration": 24,
                "state": "passed",
                "speed": "fast",
                "pass": true,
                "fail": false,
                "pending": false,
                "code": "let success = await doTransaction(cas.type,cas.operation,cas.card,cas.resource,cas.data, cas.recursive);\nsuccess.should.be.equals(cas.expect);",
                "err": {},
                "isRoot": false,
                "uuid": "ba788733-bb25-4b5b-aa03-fc7099a68dc8",
                "isHook": false,
                "skipped": false
              },
              {
                "title": "SPONSOR :: CREATE RULES > Cannot Add CRO",
                "fullTitle": "ACL Test Cases SPONSOR :: CREATE RULES SPONSOR :: CREATE RULES > Cannot Add CRO",
                "timedOut": false,
                "duration": 25,
                "state": "passed",
                "speed": "fast",
                "pass": true,
                "fail": false,
                "pending": false,
                "code": "let success = await doTransaction(cas.type,cas.operation,cas.card,cas.resource,cas.data, cas.recursive);\nsuccess.should.be.equals(cas.expect);",
                "err": {},
                "isRoot": false,
                "uuid": "e08d9394-7a66-43cd-b7c1-e6a505d16142",
                "isHook": false,
                "skipped": false
              },
              {
                "title": "SPONSOR :: CREATE RULES > Cannot Add PI",
                "fullTitle": "ACL Test Cases SPONSOR :: CREATE RULES SPONSOR :: CREATE RULES > Cannot Add PI",
                "timedOut": false,
                "duration": 30,
                "state": "passed",
                "speed": "fast",
                "pass": true,
                "fail": false,
                "pending": false,
                "code": "let success = await doTransaction(cas.type,cas.operation,cas.card,cas.resource,cas.data, cas.recursive);\nsuccess.should.be.equals(cas.expect);",
                "err": {},
                "isRoot": false,
                "uuid": "481d9f43-f2dd-4d52-9720-2bee02db2258",
                "isHook": false,
                "skipped": false
              },
              {
                "title": "SPONSOR :: CREATE RULES > Cannot Add SPONSOR",
                "fullTitle": "ACL Test Cases SPONSOR :: CREATE RULES SPONSOR :: CREATE RULES > Cannot Add SPONSOR",
                "timedOut": false,
                "duration": 26,
                "state": "passed",
                "speed": "fast",
                "pass": true,
                "fail": false,
                "pending": false,
                "code": "let success = await doTransaction(cas.type,cas.operation,cas.card,cas.resource,cas.data, cas.recursive);\nsuccess.should.be.equals(cas.expect);",
                "err": {},
                "isRoot": false,
                "uuid": "3f7ef516-fd4b-44f1-bc2a-5a07e7f9127a",
                "isHook": false,
                "skipped": false
              },
              {
                "title": "SPONSOR :: CREATE RULES > Cannot Add SITE COORDINATOR",
                "fullTitle": "ACL Test Cases SPONSOR :: CREATE RULES SPONSOR :: CREATE RULES > Cannot Add SITE COORDINATOR",
                "timedOut": false,
                "duration": 25,
                "state": "passed",
                "speed": "fast",
                "pass": true,
                "fail": false,
                "pending": false,
                "code": "let success = await doTransaction(cas.type,cas.operation,cas.card,cas.resource,cas.data, cas.recursive);\nsuccess.should.be.equals(cas.expect);",
                "err": {},
                "isRoot": false,
                "uuid": "7efe3ec4-9e56-4ac1-bc0f-86e4fb257952",
                "isHook": false,
                "skipped": false
              },
              {
                "title": "SPONSOR :: CREATE RULES > Cannot Add SUBJECT",
                "fullTitle": "ACL Test Cases SPONSOR :: CREATE RULES SPONSOR :: CREATE RULES > Cannot Add SUBJECT",
                "timedOut": false,
                "duration": 29,
                "state": "passed",
                "speed": "fast",
                "pass": true,
                "fail": false,
                "pending": false,
                "code": "let success = await doTransaction(cas.type,cas.operation,cas.card,cas.resource,cas.data, cas.recursive);\nsuccess.should.be.equals(cas.expect);",
                "err": {},
                "isRoot": false,
                "uuid": "767a44ce-5512-4454-8f5d-aa9eb2af7f4d",
                "isHook": false,
                "skipped": false
              },
              {
                "title": "SPONSOR :: CREATE RULES > Cannot Add Trial",
                "fullTitle": "ACL Test Cases SPONSOR :: CREATE RULES SPONSOR :: CREATE RULES > Cannot Add Trial",
                "timedOut": false,
                "duration": 23,
                "state": "passed",
                "speed": "fast",
                "pass": true,
                "fail": false,
                "pending": false,
                "code": "let success = await doTransaction(cas.type,cas.operation,cas.card,cas.resource,cas.data, cas.recursive);\nsuccess.should.be.equals(cas.expect);",
                "err": {},
                "isRoot": false,
                "uuid": "70d1d2f0-01c4-4914-a641-941107d07ae7",
                "isHook": false,
                "skipped": false
              },
              {
                "title": "SPONSOR :: CREATE RULES > Cannot Add Site",
                "fullTitle": "ACL Test Cases SPONSOR :: CREATE RULES SPONSOR :: CREATE RULES > Cannot Add Site",
                "timedOut": false,
                "duration": 29,
                "state": "passed",
                "speed": "fast",
                "pass": true,
                "fail": false,
                "pending": false,
                "code": "let success = await doTransaction(cas.type,cas.operation,cas.card,cas.resource,cas.data, cas.recursive);\nsuccess.should.be.equals(cas.expect);",
                "err": {},
                "isRoot": false,
                "uuid": "36efefe0-7fe6-416c-bb25-efd321bb2c40",
                "isHook": false,
                "skipped": false
              },
              {
                "title": "SPONSOR :: CREATE RULES > Cannot Add Document",
                "fullTitle": "ACL Test Cases SPONSOR :: CREATE RULES SPONSOR :: CREATE RULES > Cannot Add Document",
                "timedOut": false,
                "duration": 26,
                "state": "passed",
                "speed": "fast",
                "pass": true,
                "fail": false,
                "pending": false,
                "code": "let success = await doTransaction(cas.type,cas.operation,cas.card,cas.resource,cas.data, cas.recursive);\nsuccess.should.be.equals(cas.expect);",
                "err": {},
                "isRoot": false,
                "uuid": "1ccc53db-cfaf-43ee-b0ab-243d7df48e18",
                "isHook": false,
                "skipped": false
              }
            ],
            "suites": [],
            "passes": [
              "65d6c9f4-4f99-44c8-a185-efb5acac407d",
              "ba788733-bb25-4b5b-aa03-fc7099a68dc8",
              "e08d9394-7a66-43cd-b7c1-e6a505d16142",
              "481d9f43-f2dd-4d52-9720-2bee02db2258",
              "3f7ef516-fd4b-44f1-bc2a-5a07e7f9127a",
              "7efe3ec4-9e56-4ac1-bc0f-86e4fb257952",
              "767a44ce-5512-4454-8f5d-aa9eb2af7f4d",
              "70d1d2f0-01c4-4914-a641-941107d07ae7",
              "36efefe0-7fe6-416c-bb25-efd321bb2c40",
              "1ccc53db-cfaf-43ee-b0ab-243d7df48e18"
            ],
            "failures": [],
            "pending": [],
            "skipped": [],
            "duration": 268,
            "root": false,
            "rootEmpty": false,
            "_timeout": 2000
          },
          {
            "uuid": "ef7e2854-5339-4bc5-8f27-dac3ac14790b",
            "title": "PI :: CREATE RULES",
            "fullFile": "C:\\Users\\Pranay Katiyar\\Desktop\\takeda_tryme_blockchain\\tryme\\test\\acl.js",
            "file": "\\test\\acl.js",
            "beforeHooks": [],
            "afterHooks": [],
            "tests": [
              {
                "title": "PI :: CREATE RULES > Cannot Add SUPER ADMIN",
                "fullTitle": "ACL Test Cases PI :: CREATE RULES PI :: CREATE RULES > Cannot Add SUPER ADMIN",
                "timedOut": false,
                "duration": 39,
                "state": "passed",
                "speed": "medium",
                "pass": true,
                "fail": false,
                "pending": false,
                "code": "let success = await doTransaction(cas.type,cas.operation,cas.card,cas.resource,cas.data, cas.recursive);\nsuccess.should.be.equals(cas.expect);",
                "err": {},
                "isRoot": false,
                "uuid": "6b002aaf-c411-47e7-8816-bf14025f82dc",
                "isHook": false,
                "skipped": false
              },
              {
                "title": "PI :: CREATE RULES > Cannot Add ADMIN",
                "fullTitle": "ACL Test Cases PI :: CREATE RULES PI :: CREATE RULES > Cannot Add ADMIN",
                "timedOut": false,
                "duration": 30,
                "state": "passed",
                "speed": "fast",
                "pass": true,
                "fail": false,
                "pending": false,
                "code": "let success = await doTransaction(cas.type,cas.operation,cas.card,cas.resource,cas.data, cas.recursive);\nsuccess.should.be.equals(cas.expect);",
                "err": {},
                "isRoot": false,
                "uuid": "02fb85e5-2682-4b54-812b-e7a8160f3ca2",
                "isHook": false,
                "skipped": false
              },
              {
                "title": "PI :: CREATE RULES > Cannot Add CRO",
                "fullTitle": "ACL Test Cases PI :: CREATE RULES PI :: CREATE RULES > Cannot Add CRO",
                "timedOut": false,
                "duration": 62,
                "state": "passed",
                "speed": "medium",
                "pass": true,
                "fail": false,
                "pending": false,
                "code": "let success = await doTransaction(cas.type,cas.operation,cas.card,cas.resource,cas.data, cas.recursive);\nsuccess.should.be.equals(cas.expect);",
                "err": {},
                "isRoot": false,
                "uuid": "f98ce8a8-3546-46c7-90e4-a9360df9b2b2",
                "isHook": false,
                "skipped": false
              },
              {
                "title": "PI :: CREATE RULES > Cannot Add PI",
                "fullTitle": "ACL Test Cases PI :: CREATE RULES PI :: CREATE RULES > Cannot Add PI",
                "timedOut": false,
                "duration": 56,
                "state": "passed",
                "speed": "medium",
                "pass": true,
                "fail": false,
                "pending": false,
                "code": "let success = await doTransaction(cas.type,cas.operation,cas.card,cas.resource,cas.data, cas.recursive);\nsuccess.should.be.equals(cas.expect);",
                "err": {},
                "isRoot": false,
                "uuid": "178a3de5-0d9a-41ad-81d0-59789c7533b5",
                "isHook": false,
                "skipped": false
              },
              {
                "title": "PI :: CREATE RULES > Cannot Add SPONSOR",
                "fullTitle": "ACL Test Cases PI :: CREATE RULES PI :: CREATE RULES > Cannot Add SPONSOR",
                "timedOut": false,
                "duration": 40,
                "state": "passed",
                "speed": "medium",
                "pass": true,
                "fail": false,
                "pending": false,
                "code": "let success = await doTransaction(cas.type,cas.operation,cas.card,cas.resource,cas.data, cas.recursive);\nsuccess.should.be.equals(cas.expect);",
                "err": {},
                "isRoot": false,
                "uuid": "5c89881d-867d-4915-ab96-2ed65d87a71a",
                "isHook": false,
                "skipped": false
              },
              {
                "title": "PI :: CREATE RULES > Cannot Add SITE COORDINATOR",
                "fullTitle": "ACL Test Cases PI :: CREATE RULES PI :: CREATE RULES > Cannot Add SITE COORDINATOR",
                "timedOut": false,
                "duration": 38,
                "state": "passed",
                "speed": "medium",
                "pass": true,
                "fail": false,
                "pending": false,
                "code": "let success = await doTransaction(cas.type,cas.operation,cas.card,cas.resource,cas.data, cas.recursive);\nsuccess.should.be.equals(cas.expect);",
                "err": {},
                "isRoot": false,
                "uuid": "0ae583bd-4ce7-4e03-b434-ce8ae3f918f0",
                "isHook": false,
                "skipped": false
              },
              {
                "title": "PI :: CREATE RULES > Cannot Add SUBJECT",
                "fullTitle": "ACL Test Cases PI :: CREATE RULES PI :: CREATE RULES > Cannot Add SUBJECT",
                "timedOut": false,
                "duration": 43,
                "state": "passed",
                "speed": "medium",
                "pass": true,
                "fail": false,
                "pending": false,
                "code": "let success = await doTransaction(cas.type,cas.operation,cas.card,cas.resource,cas.data, cas.recursive);\nsuccess.should.be.equals(cas.expect);",
                "err": {},
                "isRoot": false,
                "uuid": "86ef4f36-463a-4564-9363-5eef8fe73d9c",
                "isHook": false,
                "skipped": false
              },
              {
                "title": "PI :: CREATE RULES > Cannot Add Trial",
                "fullTitle": "ACL Test Cases PI :: CREATE RULES PI :: CREATE RULES > Cannot Add Trial",
                "timedOut": false,
                "duration": 39,
                "state": "passed",
                "speed": "medium",
                "pass": true,
                "fail": false,
                "pending": false,
                "code": "let success = await doTransaction(cas.type,cas.operation,cas.card,cas.resource,cas.data, cas.recursive);\nsuccess.should.be.equals(cas.expect);",
                "err": {},
                "isRoot": false,
                "uuid": "c932e1eb-6087-4ed4-95d0-e7d60ba6ac25",
                "isHook": false,
                "skipped": false
              },
              {
                "title": "PI :: CREATE RULES > Cannot Add Site",
                "fullTitle": "ACL Test Cases PI :: CREATE RULES PI :: CREATE RULES > Cannot Add Site",
                "timedOut": false,
                "duration": 40,
                "state": "passed",
                "speed": "medium",
                "pass": true,
                "fail": false,
                "pending": false,
                "code": "let success = await doTransaction(cas.type,cas.operation,cas.card,cas.resource,cas.data, cas.recursive);\nsuccess.should.be.equals(cas.expect);",
                "err": {},
                "isRoot": false,
                "uuid": "18381c33-efac-4087-888f-7f313e283d2c",
                "isHook": false,
                "skipped": false
              },
              {
                "title": "PI :: CREATE RULES > Can Add Document",
                "fullTitle": "ACL Test Cases PI :: CREATE RULES PI :: CREATE RULES > Can Add Document",
                "timedOut": false,
                "duration": 36,
                "state": "passed",
                "speed": "fast",
                "pass": true,
                "fail": false,
                "pending": false,
                "code": "let success = await doTransaction(cas.type,cas.operation,cas.card,cas.resource,cas.data, cas.recursive);\nsuccess.should.be.equals(cas.expect);",
                "err": {},
                "isRoot": false,
                "uuid": "16423386-fa3c-49ff-92ab-e700935ada0d",
                "isHook": false,
                "skipped": false
              },
              {
                "title": "PI :: CREATE RULES > Cannot Add same Document",
                "fullTitle": "ACL Test Cases PI :: CREATE RULES PI :: CREATE RULES > Cannot Add same Document",
                "timedOut": false,
                "duration": 26,
                "state": "passed",
                "speed": "fast",
                "pass": true,
                "fail": false,
                "pending": false,
                "code": "let success = await doTransaction(cas.type,cas.operation,cas.card,cas.resource,cas.data, cas.recursive);\nsuccess.should.be.equals(cas.expect);",
                "err": {},
                "isRoot": false,
                "uuid": "327df361-7743-48cc-8558-7576ee68d0ce",
                "isHook": false,
                "skipped": false
              }
            ],
            "suites": [],
            "passes": [
              "6b002aaf-c411-47e7-8816-bf14025f82dc",
              "02fb85e5-2682-4b54-812b-e7a8160f3ca2",
              "f98ce8a8-3546-46c7-90e4-a9360df9b2b2",
              "178a3de5-0d9a-41ad-81d0-59789c7533b5",
              "5c89881d-867d-4915-ab96-2ed65d87a71a",
              "0ae583bd-4ce7-4e03-b434-ce8ae3f918f0",
              "86ef4f36-463a-4564-9363-5eef8fe73d9c",
              "c932e1eb-6087-4ed4-95d0-e7d60ba6ac25",
              "18381c33-efac-4087-888f-7f313e283d2c",
              "16423386-fa3c-49ff-92ab-e700935ada0d",
              "327df361-7743-48cc-8558-7576ee68d0ce"
            ],
            "failures": [],
            "pending": [],
            "skipped": [],
            "duration": 449,
            "root": false,
            "rootEmpty": false,
            "_timeout": 2000
          },
          {
            "uuid": "1e571168-d4a5-4b31-ba43-c12da93c1976",
            "title": "SITE COODINATOR :: CREATE RULES",
            "fullFile": "C:\\Users\\Pranay Katiyar\\Desktop\\takeda_tryme_blockchain\\tryme\\test\\acl.js",
            "file": "\\test\\acl.js",
            "beforeHooks": [],
            "afterHooks": [],
            "tests": [
              {
                "title": "SITE COODINATOR :: CREATE RULES > Cannot Add SUPER ADMIN",
                "fullTitle": "ACL Test Cases SITE COODINATOR :: CREATE RULES SITE COODINATOR :: CREATE RULES > Cannot Add SUPER ADMIN",
                "timedOut": false,
                "duration": 35,
                "state": "passed",
                "speed": "fast",
                "pass": true,
                "fail": false,
                "pending": false,
                "code": "let success = await doTransaction(cas.type,cas.operation,cas.card,cas.resource,cas.data, cas.recursive);\nsuccess.should.be.equals(cas.expect);",
                "err": {},
                "isRoot": false,
                "uuid": "9dee52b1-fc75-41b3-8f73-c3ac81d19d2d",
                "isHook": false,
                "skipped": false
              },
              {
                "title": "SITE COODINATOR :: CREATE RULES > Cannot Add ADMIN",
                "fullTitle": "ACL Test Cases SITE COODINATOR :: CREATE RULES SITE COODINATOR :: CREATE RULES > Cannot Add ADMIN",
                "timedOut": false,
                "duration": 29,
                "state": "passed",
                "speed": "fast",
                "pass": true,
                "fail": false,
                "pending": false,
                "code": "let success = await doTransaction(cas.type,cas.operation,cas.card,cas.resource,cas.data, cas.recursive);\nsuccess.should.be.equals(cas.expect);",
                "err": {},
                "isRoot": false,
                "uuid": "cad28cbe-6bbc-461e-8e53-90cad658009e",
                "isHook": false,
                "skipped": false
              },
              {
                "title": "SITE COODINATOR :: CREATE RULES > Cannot Add CRO",
                "fullTitle": "ACL Test Cases SITE COODINATOR :: CREATE RULES SITE COODINATOR :: CREATE RULES > Cannot Add CRO",
                "timedOut": false,
                "duration": 34,
                "state": "passed",
                "speed": "fast",
                "pass": true,
                "fail": false,
                "pending": false,
                "code": "let success = await doTransaction(cas.type,cas.operation,cas.card,cas.resource,cas.data, cas.recursive);\nsuccess.should.be.equals(cas.expect);",
                "err": {},
                "isRoot": false,
                "uuid": "90f8e5e4-41ee-4937-b8c9-ea1e2894c228",
                "isHook": false,
                "skipped": false
              },
              {
                "title": "SITE COODINATOR :: CREATE RULES > Cannot Add PI",
                "fullTitle": "ACL Test Cases SITE COODINATOR :: CREATE RULES SITE COODINATOR :: CREATE RULES > Cannot Add PI",
                "timedOut": false,
                "duration": 35,
                "state": "passed",
                "speed": "fast",
                "pass": true,
                "fail": false,
                "pending": false,
                "code": "let success = await doTransaction(cas.type,cas.operation,cas.card,cas.resource,cas.data, cas.recursive);\nsuccess.should.be.equals(cas.expect);",
                "err": {},
                "isRoot": false,
                "uuid": "63bbbd04-c215-44c5-9742-0223d8b8e4c3",
                "isHook": false,
                "skipped": false
              },
              {
                "title": "SITE COODINATOR :: CREATE RULES > Cannot Add SPONSOR",
                "fullTitle": "ACL Test Cases SITE COODINATOR :: CREATE RULES SITE COODINATOR :: CREATE RULES > Cannot Add SPONSOR",
                "timedOut": false,
                "duration": 38,
                "state": "passed",
                "speed": "medium",
                "pass": true,
                "fail": false,
                "pending": false,
                "code": "let success = await doTransaction(cas.type,cas.operation,cas.card,cas.resource,cas.data, cas.recursive);\nsuccess.should.be.equals(cas.expect);",
                "err": {},
                "isRoot": false,
                "uuid": "59b71b56-a4b4-42c2-a0ba-226bfce98b3e",
                "isHook": false,
                "skipped": false
              },
              {
                "title": "SITE COODINATOR :: CREATE RULES > Cannot Add SITE COORDINATOR",
                "fullTitle": "ACL Test Cases SITE COODINATOR :: CREATE RULES SITE COODINATOR :: CREATE RULES > Cannot Add SITE COORDINATOR",
                "timedOut": false,
                "duration": 30,
                "state": "passed",
                "speed": "fast",
                "pass": true,
                "fail": false,
                "pending": false,
                "code": "let success = await doTransaction(cas.type,cas.operation,cas.card,cas.resource,cas.data, cas.recursive);\nsuccess.should.be.equals(cas.expect);",
                "err": {},
                "isRoot": false,
                "uuid": "17b29c4d-d8ac-4753-9cf7-8d327c89609f",
                "isHook": false,
                "skipped": false
              },
              {
                "title": "SITE COODINATOR :: CREATE RULES > Cannot Add SUBJECT",
                "fullTitle": "ACL Test Cases SITE COODINATOR :: CREATE RULES SITE COODINATOR :: CREATE RULES > Cannot Add SUBJECT",
                "timedOut": false,
                "duration": 27,
                "state": "passed",
                "speed": "fast",
                "pass": true,
                "fail": false,
                "pending": false,
                "code": "let success = await doTransaction(cas.type,cas.operation,cas.card,cas.resource,cas.data, cas.recursive);\nsuccess.should.be.equals(cas.expect);",
                "err": {},
                "isRoot": false,
                "uuid": "d4753584-e9ee-41c6-b1a8-affdb5a273dc",
                "isHook": false,
                "skipped": false
              },
              {
                "title": "SITE COODINATOR :: CREATE RULES > Cannot Add Trial",
                "fullTitle": "ACL Test Cases SITE COODINATOR :: CREATE RULES SITE COODINATOR :: CREATE RULES > Cannot Add Trial",
                "timedOut": false,
                "duration": 29,
                "state": "passed",
                "speed": "fast",
                "pass": true,
                "fail": false,
                "pending": false,
                "code": "let success = await doTransaction(cas.type,cas.operation,cas.card,cas.resource,cas.data, cas.recursive);\nsuccess.should.be.equals(cas.expect);",
                "err": {},
                "isRoot": false,
                "uuid": "71b45864-3278-43dd-b136-54ee71954c02",
                "isHook": false,
                "skipped": false
              },
              {
                "title": "SITE COODINATOR :: CREATE RULES > Cannot Add Site",
                "fullTitle": "ACL Test Cases SITE COODINATOR :: CREATE RULES SITE COODINATOR :: CREATE RULES > Cannot Add Site",
                "timedOut": false,
                "duration": 31,
                "state": "passed",
                "speed": "fast",
                "pass": true,
                "fail": false,
                "pending": false,
                "code": "let success = await doTransaction(cas.type,cas.operation,cas.card,cas.resource,cas.data, cas.recursive);\nsuccess.should.be.equals(cas.expect);",
                "err": {},
                "isRoot": false,
                "uuid": "8bc2fa27-0935-420a-82d8-d119372c9608",
                "isHook": false,
                "skipped": false
              },
              {
                "title": "SITE COODINATOR :: CREATE RULES > Can Add Document",
                "fullTitle": "ACL Test Cases SITE COODINATOR :: CREATE RULES SITE COODINATOR :: CREATE RULES > Can Add Document",
                "timedOut": false,
                "duration": 34,
                "state": "passed",
                "speed": "fast",
                "pass": true,
                "fail": false,
                "pending": false,
                "code": "let success = await doTransaction(cas.type,cas.operation,cas.card,cas.resource,cas.data, cas.recursive);\nsuccess.should.be.equals(cas.expect);",
                "err": {},
                "isRoot": false,
                "uuid": "a28c9dd7-e5f2-4875-9d4c-59857f6dacaa",
                "isHook": false,
                "skipped": false
              },
              {
                "title": "SITE COODINATOR :: CREATE RULES > Cannot Add same Document",
                "fullTitle": "ACL Test Cases SITE COODINATOR :: CREATE RULES SITE COODINATOR :: CREATE RULES > Cannot Add same Document",
                "timedOut": false,
                "duration": 29,
                "state": "passed",
                "speed": "fast",
                "pass": true,
                "fail": false,
                "pending": false,
                "code": "let success = await doTransaction(cas.type,cas.operation,cas.card,cas.resource,cas.data, cas.recursive);\nsuccess.should.be.equals(cas.expect);",
                "err": {},
                "isRoot": false,
                "uuid": "5289347a-954c-4c32-86d9-b542caeca936",
                "isHook": false,
                "skipped": false
              }
            ],
            "suites": [],
            "passes": [
              "9dee52b1-fc75-41b3-8f73-c3ac81d19d2d",
              "cad28cbe-6bbc-461e-8e53-90cad658009e",
              "90f8e5e4-41ee-4937-b8c9-ea1e2894c228",
              "63bbbd04-c215-44c5-9742-0223d8b8e4c3",
              "59b71b56-a4b4-42c2-a0ba-226bfce98b3e",
              "17b29c4d-d8ac-4753-9cf7-8d327c89609f",
              "d4753584-e9ee-41c6-b1a8-affdb5a273dc",
              "71b45864-3278-43dd-b136-54ee71954c02",
              "8bc2fa27-0935-420a-82d8-d119372c9608",
              "a28c9dd7-e5f2-4875-9d4c-59857f6dacaa",
              "5289347a-954c-4c32-86d9-b542caeca936"
            ],
            "failures": [],
            "pending": [],
            "skipped": [],
            "duration": 351,
            "root": false,
            "rootEmpty": false,
            "_timeout": 2000
          },
          {
            "uuid": "2d372e79-4cbc-49fa-97a4-811e8336c85e",
            "title": "SUBJECT :: CREATE RULES",
            "fullFile": "C:\\Users\\Pranay Katiyar\\Desktop\\takeda_tryme_blockchain\\tryme\\test\\acl.js",
            "file": "\\test\\acl.js",
            "beforeHooks": [],
            "afterHooks": [],
            "tests": [
              {
                "title": "SUBJECT :: CREATE RULES > Cannot Add CRO",
                "fullTitle": "ACL Test Cases SUBJECT :: CREATE RULES SUBJECT :: CREATE RULES > Cannot Add CRO",
                "timedOut": false,
                "duration": 31,
                "state": "passed",
                "speed": "fast",
                "pass": true,
                "fail": false,
                "pending": false,
                "code": "let success = await doTransaction(cas.type,cas.operation,cas.card,cas.resource,cas.data, cas.recursive);\nsuccess.should.be.equals(cas.expect);",
                "err": {},
                "isRoot": false,
                "uuid": "ffa47c27-5028-4308-a79d-28eb536b84d2",
                "isHook": false,
                "skipped": false
              },
              {
                "title": "SUBJECT :: CREATE RULES > Cannot Add PI",
                "fullTitle": "ACL Test Cases SUBJECT :: CREATE RULES SUBJECT :: CREATE RULES > Cannot Add PI",
                "timedOut": false,
                "duration": 30,
                "state": "passed",
                "speed": "fast",
                "pass": true,
                "fail": false,
                "pending": false,
                "code": "let success = await doTransaction(cas.type,cas.operation,cas.card,cas.resource,cas.data, cas.recursive);\nsuccess.should.be.equals(cas.expect);",
                "err": {},
                "isRoot": false,
                "uuid": "8a24f069-23f7-4136-8694-c70fbfd89349",
                "isHook": false,
                "skipped": false
              },
              {
                "title": "SUBJECT :: CREATE RULES > Cannot Add SUPER ADMIN",
                "fullTitle": "ACL Test Cases SUBJECT :: CREATE RULES SUBJECT :: CREATE RULES > Cannot Add SUPER ADMIN",
                "timedOut": false,
                "duration": 46,
                "state": "passed",
                "speed": "medium",
                "pass": true,
                "fail": false,
                "pending": false,
                "code": "let success = await doTransaction(cas.type,cas.operation,cas.card,cas.resource,cas.data, cas.recursive);\nsuccess.should.be.equals(cas.expect);",
                "err": {},
                "isRoot": false,
                "uuid": "5f143271-4c56-4f0d-83fb-cd082a06ad7f",
                "isHook": false,
                "skipped": false
              },
              {
                "title": "SUBJECT :: CREATE RULES > Cannot Add SPONSOR",
                "fullTitle": "ACL Test Cases SUBJECT :: CREATE RULES SUBJECT :: CREATE RULES > Cannot Add SPONSOR",
                "timedOut": false,
                "duration": 32,
                "state": "passed",
                "speed": "fast",
                "pass": true,
                "fail": false,
                "pending": false,
                "code": "let success = await doTransaction(cas.type,cas.operation,cas.card,cas.resource,cas.data, cas.recursive);\nsuccess.should.be.equals(cas.expect);",
                "err": {},
                "isRoot": false,
                "uuid": "2fd23819-4a40-4d55-9a85-b2ded82442bf",
                "isHook": false,
                "skipped": false
              },
              {
                "title": "SUBJECT :: CREATE RULES > Cannot Add SUBJECT",
                "fullTitle": "ACL Test Cases SUBJECT :: CREATE RULES SUBJECT :: CREATE RULES > Cannot Add SUBJECT",
                "timedOut": false,
                "duration": 37,
                "state": "passed",
                "speed": "fast",
                "pass": true,
                "fail": false,
                "pending": false,
                "code": "let success = await doTransaction(cas.type,cas.operation,cas.card,cas.resource,cas.data, cas.recursive);\nsuccess.should.be.equals(cas.expect);",
                "err": {},
                "isRoot": false,
                "uuid": "6be88ab0-72a2-45ad-9b33-76848adb7e45",
                "isHook": false,
                "skipped": false
              },
              {
                "title": "SUBJECT :: CREATE RULES > Cannot Add SubjectAsset",
                "fullTitle": "ACL Test Cases SUBJECT :: CREATE RULES SUBJECT :: CREATE RULES > Cannot Add SubjectAsset",
                "timedOut": false,
                "duration": 26,
                "state": "passed",
                "speed": "fast",
                "pass": true,
                "fail": false,
                "pending": false,
                "code": "let success = await doTransaction(cas.type,cas.operation,cas.card,cas.resource,cas.data, cas.recursive);\nsuccess.should.be.equals(cas.expect);",
                "err": {},
                "isRoot": false,
                "uuid": "60edd7c1-34a8-4f2d-9950-090bc1f1cbdc",
                "isHook": false,
                "skipped": false
              },
              {
                "title": "SUBJECT :: CREATE RULES > Cannot Add Trial",
                "fullTitle": "ACL Test Cases SUBJECT :: CREATE RULES SUBJECT :: CREATE RULES > Cannot Add Trial",
                "timedOut": false,
                "duration": 31,
                "state": "passed",
                "speed": "fast",
                "pass": true,
                "fail": false,
                "pending": false,
                "code": "let success = await doTransaction(cas.type,cas.operation,cas.card,cas.resource,cas.data, cas.recursive);\nsuccess.should.be.equals(cas.expect);",
                "err": {},
                "isRoot": false,
                "uuid": "002398f7-9b77-43eb-8659-b49bba342a75",
                "isHook": false,
                "skipped": false
              },
              {
                "title": "SUBJECT :: CREATE RULES > Cannot Add Site",
                "fullTitle": "ACL Test Cases SUBJECT :: CREATE RULES SUBJECT :: CREATE RULES > Cannot Add Site",
                "timedOut": false,
                "duration": 22,
                "state": "passed",
                "speed": "fast",
                "pass": true,
                "fail": false,
                "pending": false,
                "code": "let success = await doTransaction(cas.type,cas.operation,cas.card,cas.resource,cas.data, cas.recursive);\nsuccess.should.be.equals(cas.expect);",
                "err": {},
                "isRoot": false,
                "uuid": "ad7a97e0-6de8-4113-a863-7f82516b038d",
                "isHook": false,
                "skipped": false
              },
              {
                "title": "SUBJECT :: CREATE RULES > Cannot Add Document",
                "fullTitle": "ACL Test Cases SUBJECT :: CREATE RULES SUBJECT :: CREATE RULES > Cannot Add Document",
                "timedOut": false,
                "duration": 27,
                "state": "passed",
                "speed": "fast",
                "pass": true,
                "fail": false,
                "pending": false,
                "code": "let success = await doTransaction(cas.type,cas.operation,cas.card,cas.resource,cas.data, cas.recursive);\nsuccess.should.be.equals(cas.expect);",
                "err": {},
                "isRoot": false,
                "uuid": "c096e341-4291-4896-be7e-bfd029ad4f04",
                "isHook": false,
                "skipped": false
              }
            ],
            "suites": [],
            "passes": [
              "ffa47c27-5028-4308-a79d-28eb536b84d2",
              "8a24f069-23f7-4136-8694-c70fbfd89349",
              "5f143271-4c56-4f0d-83fb-cd082a06ad7f",
              "2fd23819-4a40-4d55-9a85-b2ded82442bf",
              "6be88ab0-72a2-45ad-9b33-76848adb7e45",
              "60edd7c1-34a8-4f2d-9950-090bc1f1cbdc",
              "002398f7-9b77-43eb-8659-b49bba342a75",
              "ad7a97e0-6de8-4113-a863-7f82516b038d",
              "c096e341-4291-4896-be7e-bfd029ad4f04"
            ],
            "failures": [],
            "pending": [],
            "skipped": [],
            "duration": 282,
            "root": false,
            "rootEmpty": false,
            "_timeout": 2000
          }
        ],
        "passes": [],
        "failures": [],
        "pending": [],
        "skipped": [],
        "duration": 0,
        "root": false,
        "rootEmpty": false,
        "_timeout": 2000
      }
    ],
    "passes": [],
    "failures": [],
    "pending": [],
    "skipped": [],
    "duration": 0,
    "root": true,
    "rootEmpty": true,
    "_timeout": 2000
  },
  "copyrightYear": 2018
}